<?xml version="1.0" encoding="UTF-8"?>
<!-- Generated by org.testng.reporters.JUnitReportReporter -->
<testsuite hostname="DESKTOP-M6EOJ91" failures="0" tests="2" name="com.qa.testng.TestMaven" time="0.008" errors="0" timestamp="06 Oct 2018 21:30:25 GMT" skipped="0">
  <testcase classname="com.qa.testng.TestMaven" name="display1" time="0.000"/>
  <testcase classname="com.qa.testng.TestMaven" name="display" time="0.008"/>
</testsuite> <!-- com.qa.testng.TestMaven -->
