<?xml version="1.0" encoding="UTF-8"?>
<!-- Generated by org.testng.reporters.JUnitReportReporter -->
<testsuite hostname="DESKTOP-M6EOJ91" failures="0" tests="2" name="com.qa.testng.TestMaven3" time="0.001" errors="0" timestamp="06 Oct 2018 21:30:25 GMT" skipped="0">
  <testcase classname="com.qa.testng.TestMaven3" name="display1" time="0.001"/>
  <testcase classname="com.qa.testng.TestMaven3" name="display" time="0.000"/>
</testsuite> <!-- com.qa.testng.TestMaven3 -->
